168  DEBUG [IfcModelParser           ] Parsing entity 'IfcProject_1'
172  DEBUG [IfcModelParser           ] Parsing entity 'null'
174  DEBUG [IfcModelParser           ] Parsing entity 'IfcOwnerHistory_2'
174  DEBUG [IfcModelParser           ] Parsing entity 'IfcPersonAndOrganization_3'
174  DEBUG [IfcModelParser           ] Parsing entity 'IfcPerson_4'
175  DEBUG [IfcModelParser           ] Parsing entity 'IfcOrganization_5'
175  DEBUG [IfcModelParser           ] Parsing entity 'IfcApplication_6'
175  DEBUG [IfcModelParser           ] Parsing entity 'IfcUnitAssignment_7'
175  DEBUG [IfcModelParser           ] Parsing entity 'null'
175  DEBUG [IfcModelParser           ] Parsing entity 'IfcSIUnit_8'
176  DEBUG [IfcModelParser           ] Parsing entity 'IfcSIUnit_9'
176  DEBUG [IfcModelParser           ] Parsing entity 'IfcSIUnit_10'
176  DEBUG [IfcModelParser           ] Parsing entity 'IfcConversionBasedUnit_11'
176  DEBUG [IfcModelParser           ] Parsing entity 'IfcDimensionalExponents_12'
176  DEBUG [IfcModelParser           ] Parsing entity 'IfcMeasureWithUnit_13'
177  DEBUG [IfcModelParser           ] Parsing entity 'null'
178  DEBUG [IfcModelParser           ] Parsing entity 'IfcSIUnit_14'
178  DEBUG [IfcModelParser           ] Parsing entity 'IfcSIUnit_15'
178  DEBUG [IfcModelParser           ] Parsing entity 'IfcSIUnit_16'
178  DEBUG [IfcModelParser           ] Parsing entity 'IfcSIUnit_17'
179  DEBUG [IfcModelParser           ] Parsing entity 'IfcSIUnit_18'
179  DEBUG [IfcModelParser           ] Parsing entity 'IfcSIUnit_19'
179  DEBUG [IfcModelParser           ] Parsing entity 'IfcGeometricRepresentationContext_20'
179  DEBUG [IfcModelParser           ] Parsing entity 'IfcAxis2Placement3D_21'
179  DEBUG [IfcModelParser           ] Parsing entity 'IfcCartesianPoint_22'
179  DEBUG [IfcModelParser           ] Parsing entity 'null'
179  DEBUG [IfcModelParser           ] Parsing entity 'IfcSite_23'
180  DEBUG [IfcModelParser           ] Parsing entity 'null'
180  DEBUG [IfcModelParser           ] Parsing entity 'null'
180  DEBUG [IfcModelParser           ] Parsing entity 'IfcLocalPlacement_24'
180  DEBUG [IfcModelParser           ] Parsing entity 'IfcAxis2Placement3D_25'
180  DEBUG [IfcModelParser           ] Parsing entity 'IfcCartesianPoint_26'
180  DEBUG [IfcModelParser           ] Parsing entity 'null'
180  DEBUG [IfcModelParser           ] Parsing entity 'IfcDirection_27'
181  DEBUG [IfcModelParser           ] Parsing entity 'null'
181  DEBUG [IfcModelParser           ] Parsing entity 'IfcDirection_28'
181  DEBUG [IfcModelParser           ] Parsing entity 'null'
181  DEBUG [IfcModelParser           ] Parsing entity 'IfcBuilding_29'
181  DEBUG [IfcModelParser           ] Parsing entity 'IfcLocalPlacement_30'
181  DEBUG [IfcModelParser           ] Parsing entity 'IfcAxis2Placement3D_31'
181  DEBUG [IfcModelParser           ] Parsing entity 'IfcCartesianPoint_32'
181  DEBUG [IfcModelParser           ] Parsing entity 'null'
182  DEBUG [IfcModelParser           ] Parsing entity 'IfcDirection_33'
182  DEBUG [IfcModelParser           ] Parsing entity 'null'
182  DEBUG [IfcModelParser           ] Parsing entity 'IfcDirection_34'
182  DEBUG [IfcModelParser           ] Parsing entity 'null'
182  DEBUG [IfcModelParser           ] Parsing entity 'IfcBuildingStorey_35'
182  DEBUG [IfcModelParser           ] Parsing entity 'IfcLocalPlacement_36'
182  DEBUG [IfcModelParser           ] Parsing entity 'IfcAxis2Placement3D_37'
183  DEBUG [IfcModelParser           ] Parsing entity 'IfcCartesianPoint_38'
183  DEBUG [IfcModelParser           ] Parsing entity 'null'
183  DEBUG [IfcModelParser           ] Parsing entity 'IfcDirection_39'
183  DEBUG [IfcModelParser           ] Parsing entity 'null'
183  DEBUG [IfcModelParser           ] Parsing entity 'IfcDirection_40'
183  DEBUG [IfcModelParser           ] Parsing entity 'null'
183  DEBUG [IfcModelParser           ] Parsing entity 'IfcRelAggregates_41'
184  DEBUG [IfcModelParser           ] Parsing entity 'null'
184  DEBUG [IfcModelParser           ] Parsing entity 'IfcRelAggregates_42'
184  DEBUG [IfcModelParser           ] Parsing entity 'null'
184  DEBUG [IfcModelParser           ] Parsing entity 'IfcRelAggregates_43'
185  DEBUG [IfcModelParser           ] Parsing entity 'null'
185  DEBUG [IfcModelParser           ] Parsing entity 'IfcRelContainedInSpatialStructure_44'
185  DEBUG [IfcModelParser           ] Parsing entity 'null'
185  DEBUG [IfcModelParser           ] Parsing entity 'IfcWallStandardCase_45'
186  DEBUG [IfcModelParser           ] Parsing entity 'IfcLocalPlacement_46'
186  DEBUG [IfcModelParser           ] Parsing entity 'IfcAxis2Placement3D_47'
186  DEBUG [IfcModelParser           ] Parsing entity 'IfcCartesianPoint_48'
186  DEBUG [IfcModelParser           ] Parsing entity 'null'
186  DEBUG [IfcModelParser           ] Parsing entity 'IfcDirection_49'
186  DEBUG [IfcModelParser           ] Parsing entity 'null'
186  DEBUG [IfcModelParser           ] Parsing entity 'IfcDirection_50'
186  DEBUG [IfcModelParser           ] Parsing entity 'null'
186  DEBUG [IfcModelParser           ] Parsing entity 'IfcProductDefinitionShape_51'
186  DEBUG [IfcModelParser           ] Parsing entity 'null'
187  DEBUG [IfcModelParser           ] Parsing entity 'IfcShapeRepresentation_79'
187  DEBUG [IfcModelParser           ] Parsing entity 'null'
187  DEBUG [IfcModelParser           ] Parsing entity 'IfcPolyline_80'
187  DEBUG [IfcModelParser           ] Parsing entity 'null'
187  DEBUG [IfcModelParser           ] Parsing entity 'IfcCartesianPoint_81'
187  DEBUG [IfcModelParser           ] Parsing entity 'null'
187  DEBUG [IfcModelParser           ] Parsing entity 'IfcCartesianPoint_82'
187  DEBUG [IfcModelParser           ] Parsing entity 'null'
187  DEBUG [IfcModelParser           ] Parsing entity 'IfcShapeRepresentation_83'
187  DEBUG [IfcModelParser           ] Parsing entity 'null'
188  DEBUG [IfcModelParser           ] Parsing entity 'IfcExtrudedAreaSolid_84'
188  DEBUG [IfcModelParser           ] Parsing entity 'IfcArbitraryClosedProfileDef_85'
188  DEBUG [IfcModelParser           ] Parsing entity 'IfcPolyline_86'
188  DEBUG [IfcModelParser           ] Parsing entity 'null'
188  DEBUG [IfcModelParser           ] Parsing entity 'IfcCartesianPoint_87'
188  DEBUG [IfcModelParser           ] Parsing entity 'null'
188  DEBUG [IfcModelParser           ] Parsing entity 'IfcCartesianPoint_88'
188  DEBUG [IfcModelParser           ] Parsing entity 'null'
188  DEBUG [IfcModelParser           ] Parsing entity 'IfcCartesianPoint_89'
189  DEBUG [IfcModelParser           ] Parsing entity 'null'
189  DEBUG [IfcModelParser           ] Parsing entity 'IfcCartesianPoint_90'
189  DEBUG [IfcModelParser           ] Parsing entity 'null'
189  DEBUG [IfcModelParser           ] Parsing entity 'IfcCartesianPoint_91'
189  DEBUG [IfcModelParser           ] Parsing entity 'null'
190  DEBUG [IfcModelParser           ] Parsing entity 'IfcAxis2Placement3D_92'
190  DEBUG [IfcModelParser           ] Parsing entity 'IfcCartesianPoint_93'
190  DEBUG [IfcModelParser           ] Parsing entity 'null'
190  DEBUG [IfcModelParser           ] Parsing entity 'IfcDirection_94'
190  DEBUG [IfcModelParser           ] Parsing entity 'null'
190  DEBUG [IfcModelParser           ] Parsing entity 'IfcDirection_95'
190  DEBUG [IfcModelParser           ] Parsing entity 'null'
190  DEBUG [IfcModelParser           ] Parsing entity 'IfcDirection_96'
190  DEBUG [IfcModelParser           ] Parsing entity 'null'
190  DEBUG [IfcModelParser           ] Parsing entity 'IfcRelAssociatesMaterial_74'
191  DEBUG [IfcModelParser           ] Parsing entity 'null'
191  DEBUG [IfcModelParser           ] Parsing entity 'IfcMaterialLayerSetUsage_75'
191  DEBUG [IfcModelParser           ] Parsing entity 'IfcMaterialLayerSet_76'
191  DEBUG [IfcModelParser           ] Parsing entity 'null'
191  DEBUG [IfcModelParser           ] Parsing entity 'IfcMaterialLayer_77'
191  DEBUG [IfcModelParser           ] Parsing entity 'IfcMaterial_78'
191  DEBUG [IfcModelParser           ] Parsing entity 'IfcPropertySet_52'
191  DEBUG [IfcModelParser           ] Parsing entity 'null'
191  DEBUG [IfcModelParser           ] Parsing entity 'IfcPropertySingleValue_53'
192  DEBUG [IfcModelParser           ] Parsing entity 'null'
192  DEBUG [IfcModelParser           ] Parsing entity 'IfcPropertySingleValue_54'
192  DEBUG [IfcModelParser           ] Parsing entity 'null'
192  DEBUG [IfcModelParser           ] Parsing entity 'IfcPropertySingleValue_55'
192  DEBUG [IfcModelParser           ] Parsing entity 'null'
192  DEBUG [IfcModelParser           ] Parsing entity 'IfcPropertySingleValue_56'
192  DEBUG [IfcModelParser           ] Parsing entity 'null'
193  DEBUG [IfcModelParser           ] Parsing entity 'IfcPropertySingleValue_57'
193  DEBUG [IfcModelParser           ] Parsing entity 'null'
193  DEBUG [IfcModelParser           ] Parsing entity 'IfcPropertySingleValue_58'
193  DEBUG [IfcModelParser           ] Parsing entity 'null'
194  DEBUG [IfcModelParser           ] Parsing entity 'IfcPropertySingleValue_59'
194  DEBUG [IfcModelParser           ] Parsing entity 'null'
194  DEBUG [IfcModelParser           ] Parsing entity 'IfcPropertySingleValue_60'
194  DEBUG [IfcModelParser           ] Parsing entity 'null'
194  DEBUG [IfcModelParser           ] Parsing entity 'IfcPropertySingleValue_61'
194  DEBUG [IfcModelParser           ] Parsing entity 'null'
194  DEBUG [IfcModelParser           ] Parsing entity 'IfcPropertySingleValue_62'
194  DEBUG [IfcModelParser           ] Parsing entity 'null'
194  DEBUG [IfcModelParser           ] Parsing entity 'IfcRelDefinesByProperties_63'
194  DEBUG [IfcModelParser           ] Parsing entity 'null'
195  DEBUG [IfcModelParser           ] Parsing entity 'IfcElementQuantity_64'
195  DEBUG [IfcModelParser           ] Parsing entity 'null'
195  DEBUG [IfcModelParser           ] Parsing entity 'IfcQuantityLength_65'
195  DEBUG [IfcModelParser           ] Parsing entity 'IfcQuantityLength_66'
195  DEBUG [IfcModelParser           ] Parsing entity 'IfcQuantityArea_67'
195  DEBUG [IfcModelParser           ] Parsing entity 'IfcQuantityArea_68'
195  DEBUG [IfcModelParser           ] Parsing entity 'IfcQuantityVolume_69'
195  DEBUG [IfcModelParser           ] Parsing entity 'IfcQuantityVolume_70'
195  DEBUG [IfcModelParser           ] Parsing entity 'IfcQuantityLength_71'
196  DEBUG [IfcModelParser           ] Parsing entity 'IfcQuantityArea_72'
196  DEBUG [IfcModelParser           ] Parsing entity 'IfcRelDefinesByProperties_73'
196  DEBUG [IfcModelParser           ] Parsing entity 'null'
196  DEBUG [IfcModelParser           ] Parsing entity 'IfcOpeningElement_97'
196  DEBUG [IfcModelParser           ] Parsing entity 'IfcLocalPlacement_98'
196  DEBUG [IfcModelParser           ] Parsing entity 'IfcAxis2Placement3D_99'
196  DEBUG [IfcModelParser           ] Parsing entity 'IfcCartesianPoint_100'
196  DEBUG [IfcModelParser           ] Parsing entity 'null'
196  DEBUG [IfcModelParser           ] Parsing entity 'IfcDirection_101'
197  DEBUG [IfcModelParser           ] Parsing entity 'null'
197  DEBUG [IfcModelParser           ] Parsing entity 'IfcDirection_102'
197  DEBUG [IfcModelParser           ] Parsing entity 'null'
197  DEBUG [IfcModelParser           ] Parsing entity 'IfcProductDefinitionShape_103'
197  DEBUG [IfcModelParser           ] Parsing entity 'null'
197  DEBUG [IfcModelParser           ] Parsing entity 'IfcRelVoidsElement_109'
197  DEBUG [IfcModelParser           ] Parsing entity 'IfcShapeRepresentation_110'
197  DEBUG [IfcModelParser           ] Parsing entity 'null'
197  DEBUG [IfcModelParser           ] Parsing entity 'IfcExtrudedAreaSolid_111'
197  DEBUG [IfcModelParser           ] Parsing entity 'IfcArbitraryClosedProfileDef_112'
197  DEBUG [IfcModelParser           ] Parsing entity 'IfcPolyline_113'
198  DEBUG [IfcModelParser           ] Parsing entity 'null'
198  DEBUG [IfcModelParser           ] Parsing entity 'IfcCartesianPoint_114'
198  DEBUG [IfcModelParser           ] Parsing entity 'null'
198  DEBUG [IfcModelParser           ] Parsing entity 'IfcCartesianPoint_115'
198  DEBUG [IfcModelParser           ] Parsing entity 'null'
198  DEBUG [IfcModelParser           ] Parsing entity 'IfcCartesianPoint_116'
198  DEBUG [IfcModelParser           ] Parsing entity 'null'
198  DEBUG [IfcModelParser           ] Parsing entity 'IfcCartesianPoint_117'
198  DEBUG [IfcModelParser           ] Parsing entity 'null'
198  DEBUG [IfcModelParser           ] Parsing entity 'IfcCartesianPoint_118'
198  DEBUG [IfcModelParser           ] Parsing entity 'null'
198  DEBUG [IfcModelParser           ] Parsing entity 'IfcAxis2Placement3D_119'
198  DEBUG [IfcModelParser           ] Parsing entity 'IfcCartesianPoint_120'
199  DEBUG [IfcModelParser           ] Parsing entity 'null'
199  DEBUG [IfcModelParser           ] Parsing entity 'IfcDirection_121'
199  DEBUG [IfcModelParser           ] Parsing entity 'null'
199  DEBUG [IfcModelParser           ] Parsing entity 'IfcDirection_122'
199  DEBUG [IfcModelParser           ] Parsing entity 'null'
199  DEBUG [IfcModelParser           ] Parsing entity 'IfcDirection_123'
199  DEBUG [IfcModelParser           ] Parsing entity 'null'
199  DEBUG [IfcModelParser           ] Parsing entity 'IfcElementQuantity_104'
199  DEBUG [IfcModelParser           ] Parsing entity 'null'
199  DEBUG [IfcModelParser           ] Parsing entity 'IfcQuantityLength_105'
200  DEBUG [IfcModelParser           ] Parsing entity 'IfcQuantityLength_106'
200  DEBUG [IfcModelParser           ] Parsing entity 'IfcQuantityLength_107'
200  DEBUG [IfcModelParser           ] Parsing entity 'IfcRelDefinesByProperties_108'
200  DEBUG [IfcModelParser           ] Parsing entity 'null'
200  DEBUG [IfcModelParser           ] Parsing entity 'IfcWindow_124'
200  DEBUG [IfcModelParser           ] Parsing entity 'IfcLocalPlacement_125'
200  DEBUG [IfcModelParser           ] Parsing entity 'IfcAxis2Placement3D_126'
200  DEBUG [IfcModelParser           ] Parsing entity 'IfcCartesianPoint_127'
200  DEBUG [IfcModelParser           ] Parsing entity 'null'
201  DEBUG [IfcModelParser           ] Parsing entity 'IfcDirection_128'
201  DEBUG [IfcModelParser           ] Parsing entity 'null'
201  DEBUG [IfcModelParser           ] Parsing entity 'IfcDirection_129'
201  DEBUG [IfcModelParser           ] Parsing entity 'null'
201  DEBUG [IfcModelParser           ] Parsing entity 'IfcProductDefinitionShape_130'
201  DEBUG [IfcModelParser           ] Parsing entity 'null'
201  DEBUG [IfcModelParser           ] Parsing entity 'IfcRelFillsElement_131'
201  DEBUG [IfcModelParser           ] Parsing entity 'IfcShapeRepresentation_150'
201  DEBUG [IfcModelParser           ] Parsing entity 'null'
201  DEBUG [IfcModelParser           ] Parsing entity 'IfcExtrudedAreaSolid_151'
201  DEBUG [IfcModelParser           ] Parsing entity 'IfcArbitraryClosedProfileDef_152'
202  DEBUG [IfcModelParser           ] Parsing entity 'IfcPolyline_153'
202  DEBUG [IfcModelParser           ] Parsing entity 'null'
202  DEBUG [IfcModelParser           ] Parsing entity 'IfcCartesianPoint_154'
202  DEBUG [IfcModelParser           ] Parsing entity 'null'
202  DEBUG [IfcModelParser           ] Parsing entity 'IfcCartesianPoint_155'
202  DEBUG [IfcModelParser           ] Parsing entity 'null'
202  DEBUG [IfcModelParser           ] Parsing entity 'IfcCartesianPoint_156'
202  DEBUG [IfcModelParser           ] Parsing entity 'null'
202  DEBUG [IfcModelParser           ] Parsing entity 'IfcCartesianPoint_157'
202  DEBUG [IfcModelParser           ] Parsing entity 'null'
202  DEBUG [IfcModelParser           ] Parsing entity 'IfcCartesianPoint_158'
202  DEBUG [IfcModelParser           ] Parsing entity 'null'
202  DEBUG [IfcModelParser           ] Parsing entity 'IfcAxis2Placement3D_159'
203  DEBUG [IfcModelParser           ] Parsing entity 'IfcCartesianPoint_160'
203  DEBUG [IfcModelParser           ] Parsing entity 'null'
203  DEBUG [IfcModelParser           ] Parsing entity 'IfcDirection_161'
203  DEBUG [IfcModelParser           ] Parsing entity 'null'
203  DEBUG [IfcModelParser           ] Parsing entity 'IfcDirection_162'
203  DEBUG [IfcModelParser           ] Parsing entity 'null'
203  DEBUG [IfcModelParser           ] Parsing entity 'IfcDirection_163'
203  DEBUG [IfcModelParser           ] Parsing entity 'null'
203  DEBUG [IfcModelParser           ] Parsing entity 'IfcPropertySet_132'
203  DEBUG [IfcModelParser           ] Parsing entity 'null'
204  DEBUG [IfcModelParser           ] Parsing entity 'IfcPropertySingleValue_133'
204  DEBUG [IfcModelParser           ] Parsing entity 'null'
204  DEBUG [IfcModelParser           ] Parsing entity 'IfcPropertySingleValue_134'
204  DEBUG [IfcModelParser           ] Parsing entity 'null'
204  DEBUG [IfcModelParser           ] Parsing entity 'IfcPropertySingleValue_135'
204  DEBUG [IfcModelParser           ] Parsing entity 'null'
204  DEBUG [IfcModelParser           ] Parsing entity 'IfcPropertySingleValue_136'
204  DEBUG [IfcModelParser           ] Parsing entity 'null'
204  DEBUG [IfcModelParser           ] Parsing entity 'IfcPropertySingleValue_137'
204  DEBUG [IfcModelParser           ] Parsing entity 'null'
205  DEBUG [IfcModelParser           ] Parsing entity 'IfcPropertySingleValue_138'
205  DEBUG [IfcModelParser           ] Parsing entity 'null'
205  DEBUG [IfcModelParser           ] Parsing entity 'IfcPropertySingleValue_139'
205  DEBUG [IfcModelParser           ] Parsing entity 'null'
205  DEBUG [IfcModelParser           ] Parsing entity 'IfcPropertySingleValue_140'
205  DEBUG [IfcModelParser           ] Parsing entity 'null'
205  DEBUG [IfcModelParser           ] Parsing entity 'IfcPropertySingleValue_141'
205  DEBUG [IfcModelParser           ] Parsing entity 'null'
205  DEBUG [IfcModelParser           ] Parsing entity 'IfcPropertySingleValue_142'
205  DEBUG [IfcModelParser           ] Parsing entity 'null'
205  DEBUG [IfcModelParser           ] Parsing entity 'IfcPropertySingleValue_143'
206  DEBUG [IfcModelParser           ] Parsing entity 'null'
206  DEBUG [IfcModelParser           ] Parsing entity 'IfcPropertySingleValue_144'
206  DEBUG [IfcModelParser           ] Parsing entity 'null'
206  DEBUG [IfcModelParser           ] Parsing entity 'IfcRelDefinesByProperties_145'
206  DEBUG [IfcModelParser           ] Parsing entity 'null'
206  DEBUG [IfcModelParser           ] Parsing entity 'IfcElementQuantity_146'
206  DEBUG [IfcModelParser           ] Parsing entity 'null'
206  DEBUG [IfcModelParser           ] Parsing entity 'IfcQuantityLength_147'
206  DEBUG [IfcModelParser           ] Parsing entity 'IfcQuantityLength_148'
206  DEBUG [IfcModelParser           ] Parsing entity 'IfcRelDefinesByProperties_149'
206  DEBUG [IfcModelParser           ] Parsing entity 'null'
